TN:
SF:/Users/airongbin/iwork/uxcore/uxcore-dialog/src/index.js
FNF:0
FNH:0
DA:11,1
LF:1
LH:1
BRF:0
BRH:0
end_of_record
TN:
SF:/Users/airongbin/iwork/uxcore/uxcore-dialog/src/Dialog.jsx
FN:7,(anonymous_1)
FN:45,_interopRequireDefault
FN:47,_defaults
FN:49,_defineProperty
FN:51,_classCallCheck
FN:53,_possibleConstructorReturn
FN:55,_inherits
FN:61,noop
FN:63,getIEVer
FN:82,(anonymous_10)
FN:85,Dialog
FN:96,componentWillUpdate
FN:118,saveRef
FN:120,(anonymous_14)
FN:125,handleCancel
FN:129,handleOk
FN:133,render
FN:174,ref
FN:213,adjustIcon
FN:218,(anonymous_20)
FN:226,(anonymous_21)
FN:234,(anonymous_22)
FN:242,(anonymous_23)
FNF:23
FNH:20
FNDA:13,(anonymous_1)
FNDA:9,_interopRequireDefault
FNDA:1,_defaults
FNDA:26,_defineProperty
FNDA:13,_classCallCheck
FNDA:13,_possibleConstructorReturn
FNDA:1,_inherits
FNDA:0,noop
FNDA:13,getIEVer
FNDA:1,(anonymous_10)
FNDA:13,Dialog
FNDA:1,componentWillUpdate
FNDA:0,saveRef
FNDA:0,(anonymous_14)
FNDA:1,handleCancel
FNDA:1,handleOk
FNDA:13,render
FNDA:18,ref
FNDA:4,adjustIcon
FNDA:1,(anonymous_20)
FNDA:1,(anonymous_21)
FNDA:1,(anonymous_22)
FNDA:1,(anonymous_23)
DA:3,1
DA:7,265
DA:9,1
DA:11,1
DA:13,1
DA:15,1
DA:17,1
DA:19,1
DA:21,1
DA:23,1
DA:25,1
DA:27,1
DA:29,1
DA:31,1
DA:33,1
DA:35,1
DA:37,1
DA:39,1
DA:41,1
DA:43,1
DA:45,9
DA:47,5
DA:49,26
DA:51,13
DA:53,13
DA:55,1
DA:61,1
DA:63,1
DA:64,13
DA:65,13
DA:66,13
DA:67,13
DA:70,0
DA:72,13
DA:75,0
DA:77,13
DA:79,0
DA:82,1
DA:83,1
DA:85,1
DA:86,13
DA:88,13
DA:90,13
DA:93,13
DA:96,1
DA:97,1
DA:99,1
DA:100,1
DA:101,1
DA:102,1
DA:103,0
DA:104,0
DA:106,0
DA:108,1
DA:109,1
DA:111,0
DA:112,0
DA:113,0
DA:118,1
DA:119,0
DA:120,0
DA:121,0
DA:125,1
DA:126,1
DA:129,1
DA:130,1
DA:133,1
DA:134,13
DA:137,13
DA:138,13
DA:140,13
DA:159,13
DA:160,13
DA:161,13
DA:162,5
DA:164,8
DA:166,13
DA:167,13
DA:175,18
DA:180,1
DA:183,1
DA:186,1
DA:195,1
DA:213,1
DA:214,4
DA:215,4
DA:218,1
DA:219,1
DA:223,1
DA:226,1
DA:227,1
DA:231,1
DA:234,1
DA:235,1
DA:239,1
DA:242,1
DA:243,1
DA:247,1
DA:249,1
LF:99
LH:87
BRDA:7,1,0,1
BRDA:7,1,1,1
BRDA:7,2,0,265
BRDA:7,2,1,0
BRDA:45,3,0,0
BRDA:45,3,1,9
BRDA:45,4,0,9
BRDA:45,4,1,9
BRDA:47,5,0,0
BRDA:47,5,1,5
BRDA:47,6,0,5
BRDA:47,6,1,5
BRDA:47,6,2,0
BRDA:49,7,0,0
BRDA:49,7,1,26
BRDA:51,8,0,0
BRDA:51,8,1,13
BRDA:53,9,0,0
BRDA:53,9,1,13
BRDA:53,10,0,0
BRDA:53,10,1,13
BRDA:53,11,0,13
BRDA:53,11,1,0
BRDA:53,11,2,0
BRDA:55,12,0,0
BRDA:55,12,1,1
BRDA:55,13,0,1
BRDA:55,13,1,0
BRDA:55,14,0,1
BRDA:55,14,1,1
BRDA:55,15,0,1
BRDA:55,15,1,0
BRDA:55,16,0,0
BRDA:55,16,1,1
BRDA:64,17,0,13
BRDA:64,17,1,0
BRDA:67,18,0,0
BRDA:67,18,1,13
BRDA:72,19,0,0
BRDA:72,19,1,13
BRDA:101,20,0,1
BRDA:101,20,1,0
BRDA:102,21,0,0
BRDA:102,21,1,1
BRDA:103,22,0,0
BRDA:103,22,1,0
BRDA:108,23,0,1
BRDA:108,23,1,0
BRDA:159,24,0,13
BRDA:159,24,1,13
BRDA:161,25,0,5
BRDA:161,25,1,8
BRDA:214,26,0,0
BRDA:214,26,1,4
BRDA:215,27,0,0
BRDA:215,27,1,4
BRF:56
BRH:32
end_of_record
TN:
SF:/Users/airongbin/iwork/uxcore/uxcore-dialog/src/RcDialog.js
FN:11,_interopRequireDefault
FN:13,_defaults
FN:15,_classCallCheck
FN:17,_possibleConstructorReturn
FN:19,_inherits
FN:21,defaultGetContainer
FN:27,(anonymous_7)
FN:30,NewDialog
FNF:8
FNH:8
FNDA:1,_interopRequireDefault
FNDA:1,_defaults
FNDA:13,_classCallCheck
FNDA:13,_possibleConstructorReturn
FNDA:1,_inherits
FNDA:13,defaultGetContainer
FNDA:1,(anonymous_7)
FNDA:13,NewDialog
DA:3,1
DA:7,1
DA:9,1
DA:11,1
DA:13,8
DA:15,13
DA:17,13
DA:19,1
DA:21,1
DA:22,13
DA:23,13
DA:24,13
DA:27,1
DA:28,1
DA:30,1
DA:31,13
DA:33,13
DA:35,13
DA:37,13
DA:39,13
DA:42,13
DA:45,1
DA:48,1
DA:49,1
LF:24
LH:24
BRDA:11,1,0,0
BRDA:11,1,1,1
BRDA:11,2,0,1
BRDA:11,2,1,1
BRDA:13,3,0,3
BRDA:13,3,1,5
BRDA:13,4,0,8
BRDA:13,4,1,8
BRDA:13,4,2,3
BRDA:15,5,0,0
BRDA:15,5,1,13
BRDA:17,6,0,0
BRDA:17,6,1,13
BRDA:17,7,0,0
BRDA:17,7,1,13
BRDA:17,8,0,13
BRDA:17,8,1,0
BRDA:17,8,2,0
BRDA:19,9,0,0
BRDA:19,9,1,1
BRDA:19,10,0,1
BRDA:19,10,1,0
BRDA:19,11,0,1
BRDA:19,11,1,1
BRDA:19,12,0,1
BRDA:19,12,1,0
BRDA:19,13,0,0
BRDA:19,13,1,1
BRDA:37,14,0,13
BRDA:37,14,1,0
BRDA:39,15,0,0
BRDA:39,15,1,13
BRF:32
BRH:20
end_of_record
TN:
SF:/Users/airongbin/iwork/uxcore/uxcore-dialog/src/confirm.jsx
FN:7,(anonymous_1)
FN:28,close
FN:43,(anonymous_3)
FN:48,onCancel
FN:68,onOk
FN:196,_interopRequireDefault
FNF:6
FNH:5
FNDA:4,(anonymous_1)
FNDA:2,close
FNDA:0,(anonymous_3)
FNDA:1,onCancel
FNDA:1,onOk
FNDA:5,_interopRequireDefault
DA:3,1
DA:7,1
DA:8,4
DA:9,4
DA:11,4
DA:12,4
DA:13,4
DA:14,4
DA:16,4
DA:21,4
DA:24,4
DA:25,0
DA:28,1
DA:29,2
DA:30,1
DA:31,1
DA:33,0
DA:34,0
DA:35,0
DA:38,2
DA:39,2
DA:42,4
DA:43,0
DA:44,0
DA:48,1
DA:49,1
DA:50,1
DA:51,1
DA:52,1
DA:53,0
DA:55,1
DA:56,1
DA:57,1
DA:60,1
DA:61,0
DA:64,0
DA:68,1
DA:69,1
DA:70,1
DA:71,1
DA:72,1
DA:73,0
DA:75,1
DA:76,1
DA:77,1
DA:80,1
DA:81,0
DA:84,0
DA:88,4
DA:90,4
DA:91,4
DA:94,4
DA:113,4
DA:115,4
DA:116,1
DA:131,3
DA:142,4
DA:143,1
DA:144,1
DA:146,0
DA:150,4
DA:176,1
DA:178,1
DA:180,1
DA:182,1
DA:184,1
DA:186,1
DA:188,1
DA:190,1
DA:192,1
DA:194,1
DA:196,5
DA:198,1
LF:73
LH:60
BRDA:8,1,0,4
BRDA:8,1,1,0
BRDA:8,2,0,4
BRDA:8,2,1,4
BRDA:24,3,0,0
BRDA:24,3,1,4
BRDA:29,4,0,1
BRDA:29,4,1,1
BRDA:30,5,0,1
BRDA:30,5,1,0
BRDA:42,6,0,0
BRDA:42,6,1,4
BRDA:50,7,0,1
BRDA:50,7,1,0
BRDA:52,8,0,0
BRDA:52,8,1,1
BRDA:56,9,0,1
BRDA:56,9,1,0
BRDA:60,10,0,0
BRDA:60,10,1,1
BRDA:60,11,0,1
BRDA:60,11,1,0
BRDA:70,12,0,1
BRDA:70,12,1,0
BRDA:72,13,0,0
BRDA:72,13,1,1
BRDA:76,14,0,1
BRDA:76,14,1,0
BRDA:80,15,0,0
BRDA:80,15,1,1
BRDA:80,16,0,1
BRDA:80,16,1,0
BRDA:90,17,0,4
BRDA:90,17,1,0
BRDA:115,18,0,1
BRDA:115,18,1,3
BRDA:121,19,0,1
BRDA:121,19,1,1
BRDA:122,20,0,1
BRDA:122,20,1,1
BRDA:126,21,0,1
BRDA:126,21,1,1
BRDA:127,22,0,1
BRDA:127,22,1,1
BRDA:136,23,0,3
BRDA:136,23,1,3
BRDA:137,24,0,3
BRDA:137,24,1,3
BRDA:142,25,0,1
BRDA:142,25,1,3
BRDA:143,26,0,1
BRDA:143,26,1,0
BRDA:196,27,0,0
BRDA:196,27,1,5
BRDA:196,28,0,5
BRDA:196,28,1,5
BRF:56
BRH:39
end_of_record
TN:
SF:/Users/airongbin/iwork/uxcore/uxcore-dialog/src/i18n.js
FNF:0
FNH:0
DA:3,1
LF:1
LH:1
BRF:0
BRH:0
end_of_record
